<?xml version="1.0" encoding="UTF-8"?>
<testng-results ignored="0" total="1" passed="1" failed="0" skipped="0">
  <reporter-output>
  </reporter-output>
  <suite started-at="2021-03-28T10:16:11Z" name="Default suite" finished-at="2021-03-28T10:17:33Z" duration-ms="81610">
    <groups>
    </groups>
    <test started-at="2021-03-28T10:16:11Z" name="Default test" finished-at="2021-03-28T10:17:33Z" duration-ms="81610">
      <class name="com.flight.test.FlightBookingTest">
        <test-method is-config="true" signature="InitializeBrowser()[pri:0, instance:com.flight.test.FlightBookingTest@3e96bacf]" started-at="2021-03-28T10:16:08Z" name="InitializeBrowser" finished-at="2021-03-28T10:16:11Z" duration-ms="2947" status="PASS">
          <reporter-output>
          </reporter-output>
        </test-method> <!-- InitializeBrowser -->
        <test-method is-config="true" signature="getURL()[pri:0, instance:com.flight.test.FlightBookingTest@3e96bacf]" started-at="2021-03-28T10:16:11Z" name="getURL" finished-at="2021-03-28T10:16:15Z" duration-ms="3713" status="PASS">
          <reporter-output>
          </reporter-output>
        </test-method> <!-- getURL -->
        <test-method signature="bookFlight(java.lang.String, java.lang.String, java.lang.String)[pri:0, instance:com.flight.test.FlightBookingTest@3e96bacf]" started-at="2021-03-28T10:16:15Z" name="bookFlight" data-provider="getData" finished-at="2021-03-28T10:17:33Z" duration-ms="77632" status="PASS">
          <params>
            <param index="0">
              <value>
                <![CDATA[Paris]]>
              </value>
            </param>
            <param index="1">
              <value>
                <![CDATA[Rome]]>
              </value>
            </param>
            <param index="2">
              <value>
                <![CDATA[Virgin America]]>
              </value>
            </param>
          </params>
          <reporter-output>
          </reporter-output>
        </test-method> <!-- bookFlight -->
        <test-method is-config="true" signature="closeUrl()[pri:0, instance:com.flight.test.FlightBookingTest@3e96bacf]" started-at="2021-03-28T10:17:33Z" name="closeUrl" finished-at="2021-03-28T10:17:33Z" duration-ms="234" status="PASS">
          <reporter-output>
          </reporter-output>
        </test-method> <!-- closeUrl -->
        <test-method is-config="true" signature="tearDown()[pri:0, instance:com.flight.test.FlightBookingTest@3e96bacf]" started-at="2021-03-28T10:17:33Z" name="tearDown" finished-at="2021-03-28T10:17:33Z" duration-ms="533" status="PASS">
          <reporter-output>
          </reporter-output>
        </test-method> <!-- tearDown -->
      </class> <!-- com.flight.test.FlightBookingTest -->
    </test> <!-- Default test -->
  </suite> <!-- Default suite -->
</testng-results>
